RUN	20140115154035	basicexamplesimulation	 
SCENARIO	Scenario name	1	START	1389822035986
ACTION	Scenario name	1	request_1	1389822035999	1389822036044	1389822036087	1389822036088	OK	 
ACTION	Scenario name	1	request_2	1389822036188	1389822036189	1389822036241	1389822036241	OK	 
SCENARIO	Scenario name	2	START	1389822037086
ACTION	Scenario name	2	request_1	1389822037087	1389822037188	1389822037232	1389822037232	OK	 
ACTION	Scenario name	2	request_2	1389822037335	1389822037336	1389822037375	1389822037375	OK	 
SCENARIO	Scenario name	3	START	1389822038235
ACTION	Scenario name	3	request_1	1389822038236	1389822038274	1389822038326	1389822038326	OK	 
ACTION	Scenario name	3	request_2	1389822038385	1389822038386	1389822038426	1389822038426	OK	 
SCENARIO	Scenario name	4	START	1389822039335
ACTION	Scenario name	4	request_1	1389822039336	1389822039369	1389822039410	1389822039410	OK	 
ACTION	Scenario name	4	request_2	1389822039437	1389822039437	1389822039482	1389822039482	OK	 
SCENARIO	Scenario name	5	START	1389822040435
ACTION	Scenario name	5	request_1	1389822040435	1389822040470	1389822040534	1389822040534	OK	 
ACTION	Scenario name	5	request_2	1389822040586	1389822040587	1389822040628	1389822040628	OK	 
SCENARIO	Scenario name	6	START	1389822041535
ACTION	Scenario name	6	request_1	1389822041536	1389822041568	1389822041615	1389822041615	OK	 
ACTION	Scenario name	6	request_2	1389822041686	1389822041687	1389822041739	1389822041740	OK	 
SCENARIO	Scenario name	7	START	1389822042685
ACTION	Scenario name	7	request_1	1389822042686	1389822042721	1389822042764	1389822042764	OK	 
ACTION	Scenario name	7	request_2	1389822042835	1389822042836	1389822042874	1389822042874	OK	 
SCENARIO	Scenario name	8	START	1389822043785
ACTION	Scenario name	8	request_1	1389822043786	1389822043821	1389822043863	1389822043863	OK	 
ACTION	Scenario name	8	request_2	1389822043935	1389822043936	1389822043973	1389822043973	OK	 
SCENARIO	Scenario name	9	START	1389822044885
ACTION	Scenario name	9	request_1	1389822044885	1389822044921	1389822044962	1389822044962	OK	 
ACTION	Scenario name	9	request_2	1389822045035	1389822045036	1389822045078	1389822045078	OK	 
SCENARIO	Scenario name	10	START	1389822045984
ACTION	Scenario name	10	request_1	1389822045985	1389822046022	1389822046066	1389822046066	OK	 
ACTION	Scenario name	10	request_2	1389822046087	1389822046087	1389822046124	1389822046124	OK	 
ACTION	Scenario name	1	request_3	1389822048741	1389822048743	1389822048785	1389822048786	OK	 
ACTION	Scenario name	1	request_4	1389822048836	1389822048837	1389822048897	1389822048897	OK	 
ACTION	Scenario name	2	request_3	1389822049686	1389822049687	1389822049727	1389822049727	OK	 
ACTION	Scenario name	2	request_4	1389822049786	1389822049787	1389822049848	1389822049848	OK	 
ACTION	Scenario name	3	request_3	1389822050437	1389822050439	1389822050478	1389822050478	OK	 
ACTION	Scenario name	3	request_4	1389822050585	1389822050586	1389822050658	1389822050658	OK	 
ACTION	Scenario name	4	request_3	1389822052086	1389822052087	1389822052131	1389822052131	OK	 
ACTION	Scenario name	4	request_4	1389822052185	1389822052185	1389822052251	1389822052251	OK	 
ACTION	Scenario name	5	request_3	1389822053535	1389822053536	1389822053585	1389822053585	OK	 
ACTION	Scenario name	5	request_4	1389822053635	1389822053636	1389822053710	1389822053710	OK	 
ACTION	Scenario name	6	request_3	1389822053785	1389822053786	1389822053824	1389822053824	OK	 
ACTION	Scenario name	6	request_4	1389822053885	1389822053886	1389822053944	1389822053944	OK	 
ACTION	Scenario name	7	request_3	1389822055436	1389822055436	1389822055504	1389822055504	OK	 
ACTION	Scenario name	7	request_4	1389822055585	1389822055585	1389822055648	1389822055648	OK	 
ACTION	Scenario name	1	request_5	1389822056186	1389822056187	1389822056281	1389822056281	KO	Check 'in' failed, found 403 but expected List(200, 201, 202, 203, 204, 205, 206, 207, 208, 209, 210, 304)
ACTION	Scenario name	1	request_6	1389822056485	1389822056486	1389822056530	1389822056532	OK	 
ACTION	Scenario name	8	request_3	1389822056586	1389822056586	1389822056630	1389822056630	OK	 
ACTION	Scenario name	8	request_4	1389822056632	1389822056632	1389822056684	1389822056684	OK	 
ACTION	Scenario name	2	request_5	1389822056886	1389822056887	1389822056991	1389822056991	KO	Check 'in' failed, found 403 but expected List(200, 201, 202, 203, 204, 205, 206, 207, 208, 209, 210, 304)
ACTION	Scenario name	2	request_6	1389822057186	1389822057186	1389822057239	1389822057240	OK	 
ACTION	Scenario name	9	request_3	1389822057386	1389822057386	1389822057428	1389822057428	OK	 
ACTION	Scenario name	9	request_4	1389822057535	1389822057536	1389822057584	1389822057584	OK	 
ACTION	Scenario name	3	request_5	1389822058185	1389822058186	1389822058286	1389822058286	KO	Check 'in' failed, found 403 but expected List(200, 201, 202, 203, 204, 205, 206, 207, 208, 209, 210, 304)
ACTION	Scenario name	3	request_6	1389822058435	1389822058436	1389822058556	1389822058556	OK	 
ACTION	Scenario name	10	request_3	1389822058885	1389822058886	1389822058931	1389822058931	OK	 
ACTION	Scenario name	10	request_4	1389822058986	1389822058986	1389822059041	1389822059041	OK	 
ACTION	Scenario name	4	request_5	1389822060186	1389822060186	1389822060273	1389822060273	KO	Check 'in' failed, found 403 but expected List(200, 201, 202, 203, 204, 205, 206, 207, 208, 209, 210, 304)
ACTION	Scenario name	4	request_6	1389822060386	1389822060386	1389822060446	1389822060447	OK	 
ACTION	Scenario name	1	request_7	1389822060785	1389822060785	1389822060864	1389822060864	KO	Check 'in' failed, found 403 but expected List(200, 201, 202, 203, 204, 205, 206, 207, 208, 209, 210, 304)
ACTION	Scenario name	5	request_5	1389822060985	1389822060986	1389822061094	1389822061094	KO	Check 'in' failed, found 403 but expected List(200, 201, 202, 203, 204, 205, 206, 207, 208, 209, 210, 304)
ACTION	Scenario name	1	request_8	1389822061036	1389822061036	1389822061103	1389822061104	OK	 
ACTION	Scenario name	6	request_5	1389822061086	1389822061086	1389822061177	1389822061178	KO	Check 'in' failed, found 403 but expected List(200, 201, 202, 203, 204, 205, 206, 207, 208, 209, 210, 304)
ACTION	Scenario name	5	request_6	1389822061235	1389822061235	1389822061297	1389822061297	OK	 
ACTION	Scenario name	6	request_6	1389822061336	1389822061336	1389822061406	1389822061413	OK	 
ACTION	Scenario name	2	request_7	1389822061336	1389822061336	1389822061441	1389822061442	KO	Check 'in' failed, found 403 but expected List(200, 201, 202, 203, 204, 205, 206, 207, 208, 209, 210, 304)
ACTION	Scenario name	2	request_8	1389822061535	1389822061536	1389822061588	1389822061595	OK	 
ACTION	Scenario name	3	request_7	1389822062836	1389822062836	1389822062935	1389822062935	KO	Check 'in' failed, found 403 but expected List(200, 201, 202, 203, 204, 205, 206, 207, 208, 209, 210, 304)
ACTION	Scenario name	7	request_5	1389822062885	1389822062885	1389822062968	1389822062968	KO	Check 'in' failed, found 403 but expected List(200, 201, 202, 203, 204, 205, 206, 207, 208, 209, 210, 304)
ACTION	Scenario name	7	request_6	1389822063085	1389822063121	1389822063170	1389822063170	OK	 
ACTION	Scenario name	3	request_8	1389822063136	1389822063169	1389822063213	1389822063216	OK	 
ACTION	Scenario name	8	request_5	1389822064186	1389822064219	1389822064300	1389822064300	KO	Check 'in' failed, found 403 but expected List(200, 201, 202, 203, 204, 205, 206, 207, 208, 209, 210, 304)
ACTION	Scenario name	8	request_6	1389822064486	1389822064486	1389822064531	1389822064531	OK	 
ACTION	Scenario name	4	request_7	1389822065185	1389822065239	1389822065347	1389822065347	KO	Check 'in' failed, found 403 but expected List(200, 201, 202, 203, 204, 205, 206, 207, 208, 209, 210, 304)
ACTION	Scenario name	9	request_5	1389822065185	1389822065239	1389822065347	1389822065348	KO	Check 'in' failed, found 403 but expected List(200, 201, 202, 203, 204, 205, 206, 207, 208, 209, 210, 304)
ACTION	Scenario name	4	request_8	1389822065485	1389822065485	1389822065543	1389822065543	OK	 
ACTION	Scenario name	9	request_6	1389822065485	1389822065485	1389822065544	1389822065545	OK	 
ACTION	Scenario name	6	request_7	1389822065986	1389822066021	1389822066108	1389822066108	KO	Check 'in' failed, found 403 but expected List(200, 201, 202, 203, 204, 205, 206, 207, 208, 209, 210, 304)
ACTION	Scenario name	5	request_7	1389822065987	1389822066022	1389822066129	1389822066129	KO	Check 'in' failed, found 403 but expected List(200, 201, 202, 203, 204, 205, 206, 207, 208, 209, 210, 304)
ACTION	Scenario name	6	request_8	1389822066236	1389822066236	1389822066331	1389822066332	OK	 
ACTION	Scenario name	5	request_8	1389822066285	1389822066285	1389822066343	1389822066344	OK	 
ACTION	Scenario name	10	request_5	1389822066285	1389822066332	1389822066415	1389822066415	KO	Check 'in' failed, found 403 but expected List(200, 201, 202, 203, 204, 205, 206, 207, 208, 209, 210, 304)
ACTION	Scenario name	10	request_6	1389822066536	1389822066536	1389822066599	1389822066600	OK	 
ACTION	Scenario name	1	request_4	1389822067887	1389822067922	1389822068890	1389822068890	OK	 
ACTION	Scenario name	2	request_4	1389822068036	1389822068068	1389822068892	1389822068892	OK	 
ACTION	Scenario name	7	request_7	1389822068036	1389822068036	1389822068892	1389822068892	KO	Check 'in' failed, found 403 but expected List(200, 201, 202, 203, 204, 205, 206, 207, 208, 209, 210, 304)
ACTION	Scenario name	8	request_7	1389822068885	1389822068921	1389822069013	1389822069013	KO	Check 'in' failed, found 403 but expected List(200, 201, 202, 203, 204, 205, 206, 207, 208, 209, 210, 304)
ACTION	Scenario name	7	request_8	1389822069035	1389822069067	1389822069125	1389822069125	OK	 
ACTION	Scenario name	8	request_8	1389822069185	1389822069186	1389822069260	1389822069260	OK	 
ACTION	Scenario name	9	request_7	1389822070186	1389822070222	1389822070303	1389822070303	KO	Check 'in' failed, found 403 but expected List(200, 201, 202, 203, 204, 205, 206, 207, 208, 209, 210, 304)
ACTION	Scenario name	3	request_4	1389822070186	1389822070250	1389822070316	1389822070316	OK	 
ACTION	Scenario name	9	request_8	1389822070435	1389822070436	1389822070485	1389822070488	OK	 
ACTION	Scenario name	10	request_7	1389822070986	1389822071023	1389822071106	1389822071106	KO	Check 'in' failed, found 403 but expected List(200, 201, 202, 203, 204, 205, 206, 207, 208, 209, 210, 304)
ACTION	Scenario name	10	request_8	1389822071286	1389822071286	1389822071352	1389822071365	OK	 
ACTION	Scenario name	4	request_4	1389822072335	1389822072368	1389822072445	1389822072445	OK	 
ACTION	Scenario name	5	request_4	1389822072636	1389822072669	1389822072725	1389822072725	OK	 
ACTION	Scenario name	6	request_4	1389822073186	1389822073222	1389822073317	1389822073317	OK	 
ACTION	Scenario name	7	request_4	1389822075335	1389822075336	1389822075389	1389822075389	OK	 
ACTION	Scenario name	8	request_4	1389822075535	1389822075535	1389822075591	1389822075591	OK	 
ACTION	Scenario name	1	request_5	1389822076636	1389822076669	1389822076751	1389822076751	KO	Check 'in' failed, found 403 but expected List(200, 201, 202, 203, 204, 205, 206, 207, 208, 209, 210, 304)
ACTION	Scenario name	9	request_4	1389822076785	1389822076786	1389822076835	1389822076835	OK	 
ACTION	Scenario name	2	request_5	1389822076785	1389822076818	1389822076916	1389822076916	KO	Check 'in' failed, found 403 but expected List(200, 201, 202, 203, 204, 205, 206, 207, 208, 209, 210, 304)
ACTION	Scenario name	1	request_6	1389822076886	1389822076886	1389822076937	1389822076938	OK	 
ACTION	Scenario name	2	request_6	1389822077085	1389822077086	1389822077131	1389822077132	OK	 
ACTION	Scenario name	10	request_4	1389822077335	1389822077335	1389822077395	1389822077395	OK	 
ACTION	Scenario name	3	request_5	1389822077936	1389822077936	1389822078085	1389822078085	KO	Check 'in' failed, found 403 but expected List(200, 201, 202, 203, 204, 205, 206, 207, 208, 209, 210, 304)
ACTION	Scenario name	3	request_6	1389822078235	1389822078236	1389822078329	1389822078330	OK	 
ACTION	Scenario name	4	request_5	1389822080085	1389822080086	1389822080172	1389822080172	KO	Check 'in' failed, found 403 but expected List(200, 201, 202, 203, 204, 205, 206, 207, 208, 209, 210, 304)
ACTION	Scenario name	4	request_6	1389822080335	1389822080335	1389822080380	1389822080386	OK	 
ACTION	Scenario name	5	request_5	1389822080385	1389822080385	1389822080459	1389822080459	KO	Check 'in' failed, found 403 but expected List(200, 201, 202, 203, 204, 205, 206, 207, 208, 209, 210, 304)
ACTION	Scenario name	5	request_6	1389822080635	1389822080636	1389822080681	1389822080683	OK	 
ACTION	Scenario name	6	request_5	1389822081135	1389822081135	1389822081231	1389822081231	KO	Check 'in' failed, found 403 but expected List(200, 201, 202, 203, 204, 205, 206, 207, 208, 209, 210, 304)
ACTION	Scenario name	1	request_7	1389822081185	1389822081186	1389822081283	1389822081283	KO	Check 'in' failed, found 403 but expected List(200, 201, 202, 203, 204, 205, 206, 207, 208, 209, 210, 304)
ACTION	Scenario name	2	request_7	1389822081236	1389822081236	1389822081310	1389822081310	KO	Check 'in' failed, found 403 but expected List(200, 201, 202, 203, 204, 205, 206, 207, 208, 209, 210, 304)
ACTION	Scenario name	1	request_8	1389822081436	1389822081436	1389822081482	1389822081484	OK	 
ACTION	Scenario name	6	request_6	1389822081436	1389822081436	1389822081491	1389822081492	OK	 
ACTION	Scenario name	2	request_8	1389822081486	1389822081486	1389822081541	1389822081544	OK	 
ACTION	Scenario name	3	request_7	1389822082385	1389822082385	1389822082478	1389822082478	KO	Check 'in' failed, found 403 but expected List(200, 201, 202, 203, 204, 205, 206, 207, 208, 209, 210, 304)
ACTION	Scenario name	3	request_8	1389822082636	1389822082636	1389822082718	1389822082718	OK	 
ACTION	Scenario name	8	request_5	1389822083136	1389822083136	1389822083258	1389822083258	KO	Check 'in' failed, found 403 but expected List(200, 201, 202, 203, 204, 205, 206, 207, 208, 209, 210, 304)
ACTION	Scenario name	7	request_5	1389822083235	1389822083236	1389822083312	1389822083312	KO	Check 'in' failed, found 403 but expected List(200, 201, 202, 203, 204, 205, 206, 207, 208, 209, 210, 304)
ACTION	Scenario name	8	request_6	1389822083435	1389822083435	1389822083494	1389822083494	OK	 
ACTION	Scenario name	7	request_6	1389822083436	1389822083436	1389822083491	1389822083495	OK	 
ACTION	Scenario name	4	request_7	1389822084535	1389822084536	1389822084640	1389822084640	KO	Check 'in' failed, found 403 but expected List(200, 201, 202, 203, 204, 205, 206, 207, 208, 209, 210, 304)
ACTION	Scenario name	9	request_5	1389822084535	1389822084536	1389822084655	1389822084655	KO	Check 'in' failed, found 403 but expected List(200, 201, 202, 203, 204, 205, 206, 207, 208, 209, 210, 304)
ACTION	Scenario name	4	request_8	1389822084786	1389822084786	1389822084839	1389822084840	OK	 
ACTION	Scenario name	9	request_6	1389822084835	1389822084835	1389822084879	1389822084880	OK	 
ACTION	Scenario name	10	request_5	1389822084986	1389822084986	1389822085083	1389822085083	KO	Check 'in' failed, found 403 but expected List(200, 201, 202, 203, 204, 205, 206, 207, 208, 209, 210, 304)
ACTION	Scenario name	5	request_7	1389822085086	1389822085086	1389822085151	1389822085151	KO	Check 'in' failed, found 403 but expected List(200, 201, 202, 203, 204, 205, 206, 207, 208, 209, 210, 304)
ACTION	Scenario name	10	request_6	1389822085285	1389822085285	1389822085338	1389822085339	OK	 
ACTION	Scenario name	5	request_8	1389822085336	1389822085336	1389822085408	1389822085408	OK	 
ACTION	Scenario name	6	request_7	1389822086035	1389822086035	1389822086109	1389822086109	KO	Check 'in' failed, found 403 but expected List(200, 201, 202, 203, 204, 205, 206, 207, 208, 209, 210, 304)
ACTION	Scenario name	6	request_8	1389822086286	1389822086286	1389822086445	1389822086446	OK	 
ACTION	Scenario name	7	request_7	1389822087785	1389822087786	1389822087889	1389822087889	KO	Check 'in' failed, found 403 but expected List(200, 201, 202, 203, 204, 205, 206, 207, 208, 209, 210, 304)
ACTION	Scenario name	8	request_7	1389822087835	1389822087836	1389822087901	1389822087901	KO	Check 'in' failed, found 403 but expected List(200, 201, 202, 203, 204, 205, 206, 207, 208, 209, 210, 304)
ACTION	Scenario name	7	request_8	1389822088086	1389822088086	1389822088139	1389822088139	OK	 
ACTION	Scenario name	8	request_8	1389822088135	1389822088135	1389822088198	1389822088199	OK	 
ACTION	Scenario name	2	request_4	1389822088135	1389822088135	1389822088203	1389822088203	OK	 
ACTION	Scenario name	1	request_4	1389822088235	1389822088236	1389822088290	1389822088290	OK	 
ACTION	Scenario name	9	request_7	1389822089036	1389822089037	1389822089116	1389822089116	KO	Check 'in' failed, found 403 but expected List(200, 201, 202, 203, 204, 205, 206, 207, 208, 209, 210, 304)
ACTION	Scenario name	9	request_8	1389822089285	1389822089286	1389822089332	1389822089332	OK	 
ACTION	Scenario name	3	request_4	1389822089486	1389822089486	1389822089586	1389822089586	OK	 
ACTION	Scenario name	10	request_7	1389822090135	1389822090136	1389822090219	1389822090219	KO	Check 'in' failed, found 403 but expected List(200, 201, 202, 203, 204, 205, 206, 207, 208, 209, 210, 304)
ACTION	Scenario name	10	request_8	1389822090336	1389822090336	1389822090383	1389822090384	OK	 
ACTION	Scenario name	4	request_4	1389822091335	1389822091335	1389822091405	1389822091405	OK	 
ACTION	Scenario name	5	request_4	1389822091936	1389822091936	1389822091997	1389822091997	OK	 
ACTION	Scenario name	6	request_4	1389822092686	1389822092686	1389822092739	1389822092739	OK	 
ACTION	Scenario name	7	request_4	1389822094686	1389822094686	1389822094765	1389822094765	OK	 
ACTION	Scenario name	8	request_4	1389822094785	1389822094786	1389822094850	1389822094850	OK	 
ACTION	Scenario name	1	request_5	1389822095686	1389822095686	1389822095791	1389822095791	KO	Check 'in' failed, found 403 but expected List(200, 201, 202, 203, 204, 205, 206, 207, 208, 209, 210, 304)
ACTION	Scenario name	1	request_6	1389822095986	1389822095986	1389822096089	1389822096090	OK	 
ACTION	Scenario name	9	request_4	1389822096036	1389822096037	1389822096092	1389822096092	OK	 
ACTION	Scenario name	2	request_5	1389822096135	1389822096136	1389822096220	1389822096220	KO	Check 'in' failed, found 403 but expected List(200, 201, 202, 203, 204, 205, 206, 207, 208, 209, 210, 304)
ACTION	Scenario name	2	request_6	1389822096335	1389822096336	1389822096378	1389822096455	OK	 
ACTION	Scenario name	10	request_4	1389822096986	1389822096987	1389822097040	1389822097040	OK	 
ACTION	Scenario name	3	request_5	1389822097386	1389822097387	1389822097472	1389822097472	KO	Check 'in' failed, found 403 but expected List(200, 201, 202, 203, 204, 205, 206, 207, 208, 209, 210, 304)
ACTION	Scenario name	3	request_6	1389822097636	1389822097636	1389822097678	1389822097682	OK	 
ACTION	Scenario name	4	request_5	1389822099137	1389822099137	1389822099227	1389822099227	KO	Check 'in' failed, found 403 but expected List(200, 201, 202, 203, 204, 205, 206, 207, 208, 209, 210, 304)
ACTION	Scenario name	4	request_6	1389822099386	1389822099386	1389822099430	1389822099431	OK	 
ACTION	Scenario name	5	request_5	1389822099885	1389822099886	1389822099979	1389822099979	KO	Check 'in' failed, found 403 but expected List(200, 201, 202, 203, 204, 205, 206, 207, 208, 209, 210, 304)
ACTION	Scenario name	5	request_6	1389822100136	1389822100136	1389822100191	1389822100192	OK	 
ACTION	Scenario name	1	request_7	1389822100287	1389822100287	1389822100353	1389822100353	KO	Check 'in' failed, found 403 but expected List(200, 201, 202, 203, 204, 205, 206, 207, 208, 209, 210, 304)
ACTION	Scenario name	6	request_5	1389822100335	1389822100335	1389822100460	1389822100460	KO	Check 'in' failed, found 403 but expected List(200, 201, 202, 203, 204, 205, 206, 207, 208, 209, 210, 304)
ACTION	Scenario name	1	request_8	1389822100485	1389822100486	1389822100529	1389822100541	OK	 
ACTION	Scenario name	6	request_6	1389822100585	1389822100585	1389822100630	1389822100640	OK	 
ACTION	Scenario name	2	request_7	1389822101136	1389822101137	1389822101243	1389822101243	KO	Check 'in' failed, found 403 but expected List(200, 201, 202, 203, 204, 205, 206, 207, 208, 209, 210, 304)
ACTION	Scenario name	2	request_8	1389822101390	1389822101390	1389822101432	1389822101433	OK	 
ACTION	Scenario name	7	request_5	1389822102187	1389822102187	1389822102310	1389822102310	KO	Check 'in' failed, found 403 but expected List(200, 201, 202, 203, 204, 205, 206, 207, 208, 209, 210, 304)
ACTION	Scenario name	7	request_6	1389822102435	1389822102436	1389822102487	1389822102488	OK	 
ACTION	Scenario name	8	request_5	1389822102537	1389822102537	1389822102623	1389822102623	KO	Check 'in' failed, found 403 but expected List(200, 201, 202, 203, 204, 205, 206, 207, 208, 209, 210, 304)
ACTION	Scenario name	3	request_7	1389822102636	1389822102636	1389822102719	1389822102719	KO	Check 'in' failed, found 403 but expected List(200, 201, 202, 203, 204, 205, 206, 207, 208, 209, 210, 304)
ACTION	Scenario name	8	request_6	1389822102786	1389822102787	1389822102848	1389822102849	OK	 
ACTION	Scenario name	3	request_8	1389822102837	1389822102837	1389822102881	1389822102881	OK	 
ACTION	Scenario name	9	request_5	1389822103486	1389822103486	1389822103588	1389822103588	KO	Check 'in' failed, found 403 but expected List(200, 201, 202, 203, 204, 205, 206, 207, 208, 209, 210, 304)
ACTION	Scenario name	4	request_7	1389822103636	1389822103636	1389822103713	1389822103713	KO	Check 'in' failed, found 403 but expected List(200, 201, 202, 203, 204, 205, 206, 207, 208, 209, 210, 304)
ACTION	Scenario name	9	request_6	1389822103786	1389822103786	1389822103842	1389822103850	OK	 
ACTION	Scenario name	4	request_8	1389822103886	1389822103887	1389822103934	1389822103934	OK	 
ACTION	Scenario name	5	request_7	1389822104235	1389822104235	1389822104344	1389822104344	KO	Check 'in' failed, found 403 but expected List(200, 201, 202, 203, 204, 205, 206, 207, 208, 209, 210, 304)
ACTION	Scenario name	5	request_8	1389822104485	1389822104486	1389822104533	1389822104534	OK	 
ACTION	Scenario name	10	request_5	1389822104687	1389822104687	1389822104930	1389822104931	KO	Check 'in' failed, found 403 but expected List(200, 201, 202, 203, 204, 205, 206, 207, 208, 209, 210, 304)
ACTION	Scenario name	10	request_6	1389822105086	1389822105086	1389822105162	1389822105172	OK	 
ACTION	Scenario name	6	request_7	1389822105536	1389822105537	1389822105626	1389822105626	KO	Check 'in' failed, found 403 but expected List(200, 201, 202, 203, 204, 205, 206, 207, 208, 209, 210, 304)
ACTION	Scenario name	6	request_8	1389822105836	1389822105836	1389822105889	1389822105894	OK	 
ACTION	Scenario name	1	request_4	1389822106787	1389822106787	1389822106839	1389822106839	OK	 
ACTION	Scenario name	8	request_7	1389822107287	1389822107287	1389822107370	1389822107370	KO	Check 'in' failed, found 403 but expected List(200, 201, 202, 203, 204, 205, 206, 207, 208, 209, 210, 304)
ACTION	Scenario name	7	request_7	1389822107286	1389822107287	1389822107383	1389822107383	KO	Check 'in' failed, found 403 but expected List(200, 201, 202, 203, 204, 205, 206, 207, 208, 209, 210, 304)
ACTION	Scenario name	2	request_4	1389822107487	1389822107487	1389822107534	1389822107534	OK	 
ACTION	Scenario name	8	request_8	1389822107488	1389822107488	1389822107551	1389822107552	OK	 
ACTION	Scenario name	7	request_8	1389822107487	1389822107487	1389822107551	1389822107552	OK	 
ACTION	Scenario name	9	request_7	1389822108086	1389822108086	1389822108176	1389822108176	KO	Check 'in' failed, found 403 but expected List(200, 201, 202, 203, 204, 205, 206, 207, 208, 209, 210, 304)
ACTION	Scenario name	9	request_8	1389822108386	1389822108387	1389822108434	1389822108435	OK	 
ACTION	Scenario name	3	request_4	1389822109586	1389822109586	1389822109636	1389822109636	OK	 
ACTION	Scenario name	4	request_4	1389822109936	1389822109937	1389822109997	1389822109997	OK	 
ACTION	Scenario name	10	request_7	1389822110136	1389822110136	1389822110235	1389822110235	KO	Check 'in' failed, found 403 but expected List(200, 201, 202, 203, 204, 205, 206, 207, 208, 209, 210, 304)
ACTION	Scenario name	10	request_8	1389822110385	1389822110386	1389822110439	1389822110440	OK	 
ACTION	Scenario name	5	request_4	1389822111336	1389822111336	1389822111388	1389822111388	OK	 
ACTION	Scenario name	6	request_4	1389822112486	1389822112487	1389822112537	1389822112537	OK	 
ACTION	Scenario name	7	request_4	1389822113687	1389822113687	1389822113767	1389822113767	OK	 
ACTION	Scenario name	1	request_5	1389822113835	1389822113836	1389822113921	1389822113922	KO	Check 'in' failed, found 403 but expected List(200, 201, 202, 203, 204, 205, 206, 207, 208, 209, 210, 304)
ACTION	Scenario name	1	request_6	1389822114136	1389822114136	1389822114182	1389822114183	OK	 
ACTION	Scenario name	8	request_4	1389822114336	1389822114337	1389822114383	1389822114383	OK	 
ACTION	Scenario name	9	request_4	1389822114636	1389822114636	1389822114697	1389822114697	OK	 
ACTION	Scenario name	2	request_5	1389822115436	1389822115436	1389822115544	1389822115544	KO	Check 'in' failed, found 403 but expected List(200, 201, 202, 203, 204, 205, 206, 207, 208, 209, 210, 304)
ACTION	Scenario name	2	request_6	1389822115736	1389822115737	1389822115789	1389822115793	OK	 
ACTION	Scenario name	10	request_4	1389822116736	1389822116736	1389822116801	1389822116801	OK	 
ACTION	Scenario name	3	request_5	1389822117286	1389822117287	1389822117388	1389822117388	KO	Check 'in' failed, found 403 but expected List(200, 201, 202, 203, 204, 205, 206, 207, 208, 209, 210, 304)
ACTION	Scenario name	4	request_5	1389822117286	1389822117286	1389822117402	1389822117402	KO	Check 'in' failed, found 403 but expected List(200, 201, 202, 203, 204, 205, 206, 207, 208, 209, 210, 304)
ACTION	Scenario name	4	request_6	1389822117535	1389822117536	1389822117581	1389822117591	OK	 
ACTION	Scenario name	3	request_6	1389822117585	1389822117586	1389822117631	1389822117631	OK	 
ACTION	Scenario name	1	request_7	1389822118185	1389822118186	1389822118281	1389822118281	KO	Check 'in' failed, found 403 but expected List(200, 201, 202, 203, 204, 205, 206, 207, 208, 209, 210, 304)
ACTION	Scenario name	1	request_8	1389822118437	1389822118437	1389822118485	1389822118491	OK	 
ACTION	Scenario name	5	request_5	1389822118436	1389822118437	1389822118540	1389822118540	KO	Check 'in' failed, found 403 but expected List(200, 201, 202, 203, 204, 205, 206, 207, 208, 209, 210, 304)
ACTION	Scenario name	5	request_6	1389822118687	1389822118687	1389822118757	1389822118758	OK	 
ACTION	Scenario name	6	request_5	1389822119986	1389822119987	1389822120103	1389822120104	KO	Check 'in' failed, found 403 but expected List(200, 201, 202, 203, 204, 205, 206, 207, 208, 209, 210, 304)
ACTION	Scenario name	6	request_6	1389822120286	1389822120286	1389822120401	1389822120404	OK	 
ACTION	Scenario name	2	request_7	1389822120435	1389822120436	1389822120509	1389822120509	KO	Check 'in' failed, found 403 but expected List(200, 201, 202, 203, 204, 205, 206, 207, 208, 209, 210, 304)
ACTION	Scenario name	2	request_8	1389822120686	1389822120686	1389822120810	1389822120810	OK	 
ACTION	Scenario name	7	request_5	1389822121436	1389822121436	1389822121580	1389822121580	KO	Check 'in' failed, found 403 but expected List(200, 201, 202, 203, 204, 205, 206, 207, 208, 209, 210, 304)
ACTION	Scenario name	8	request_5	1389822121435	1389822121435	1389822121592	1389822121592	KO	Check 'in' failed, found 403 but expected List(200, 201, 202, 203, 204, 205, 206, 207, 208, 209, 210, 304)
ACTION	Scenario name	7	request_6	1389822121736	1389822121737	1389822121824	1389822121825	OK	 
ACTION	Scenario name	8	request_6	1389822121786	1389822121786	1389822121892	1389822121897	OK	 
ACTION	Scenario name	3	request_7	1389822121786	1389822121786	1389822121901	1389822121901	KO	Check 'in' failed, found 403 but expected List(200, 201, 202, 203, 204, 205, 206, 207, 208, 209, 210, 304)
ACTION	Scenario name	3	request_8	1389822122036	1389822122036	1389822122081	1389822122094	OK	 
ACTION	Scenario name	4	request_7	1389822122136	1389822122136	1389822122210	1389822122210	KO	Check 'in' failed, found 403 but expected List(200, 201, 202, 203, 204, 205, 206, 207, 208, 209, 210, 304)
ACTION	Scenario name	9	request_5	1389822122286	1389822122287	1389822122379	1389822122379	KO	Check 'in' failed, found 403 but expected List(200, 201, 202, 203, 204, 205, 206, 207, 208, 209, 210, 304)
ACTION	Scenario name	4	request_8	1389822122385	1389822122386	1389822122431	1389822122432	OK	 
ACTION	Scenario name	9	request_6	1389822122485	1389822122485	1389822122561	1389822122569	OK	 
ACTION	Scenario name	5	request_7	1389822123485	1389822123485	1389822123563	1389822123564	KO	Check 'in' failed, found 403 but expected List(200, 201, 202, 203, 204, 205, 206, 207, 208, 209, 210, 304)
ACTION	Scenario name	5	request_8	1389822123686	1389822123686	1389822123743	1389822123745	OK	 
ACTION	Scenario name	10	request_5	1389822124086	1389822124087	1389822124179	1389822124179	KO	Check 'in' failed, found 403 but expected List(200, 201, 202, 203, 204, 205, 206, 207, 208, 209, 210, 304)
ACTION	Scenario name	10	request_6	1389822124285	1389822124286	1389822124337	1389822124347	OK	 
ACTION	Scenario name	6	request_7	1389822124736	1389822124736	1389822124826	1389822124826	KO	Check 'in' failed, found 403 but expected List(200, 201, 202, 203, 204, 205, 206, 207, 208, 209, 210, 304)
ACTION	Scenario name	1	request_4	1389822124785	1389822124785	1389822124833	1389822124833	OK	 
ACTION	Scenario name	6	request_8	1389822125035	1389822125035	1389822125100	1389822125101	OK	 
ACTION	Scenario name	8	request_7	1389822125936	1389822125937	1389822126019	1389822126019	KO	Check 'in' failed, found 403 but expected List(200, 201, 202, 203, 204, 205, 206, 207, 208, 209, 210, 304)
ACTION	Scenario name	8	request_8	1389822126186	1389822126186	1389822126239	1389822126252	OK	 
ACTION	Scenario name	7	request_7	1389822126386	1389822126386	1389822126464	1389822126464	KO	Check 'in' failed, found 403 but expected List(200, 201, 202, 203, 204, 205, 206, 207, 208, 209, 210, 304)
ACTION	Scenario name	7	request_8	1389822126635	1389822126635	1389822126840	1389822126840	OK	 
ACTION	Scenario name	9	request_7	1389822126835	1389822126836	1389822126928	1389822126928	KO	Check 'in' failed, found 403 but expected List(200, 201, 202, 203, 204, 205, 206, 207, 208, 209, 210, 304)
ACTION	Scenario name	9	request_8	1389822127036	1389822127036	1389822127108	1389822127108	OK	 
ACTION	Scenario name	2	request_4	1389822127536	1389822127536	1389822127606	1389822127607	OK	 
ACTION	Scenario name	3	request_4	1389822128386	1389822128386	1389822128852	1389822128852	OK	 
ACTION	Scenario name	4	request_4	1389822128936	1389822128936	1389822128997	1389822128997	OK	 
ACTION	Scenario name	10	request_7	1389822129085	1389822129086	1389822129168	1389822129168	KO	Check 'in' failed, found 403 but expected List(200, 201, 202, 203, 204, 205, 206, 207, 208, 209, 210, 304)
ACTION	Scenario name	10	request_8	1389822129286	1389822129287	1389822129334	1389822129334	OK	 
ACTION	Scenario name	5	request_4	1389822130036	1389822130036	1389822130086	1389822130086	OK	 
ACTION	Scenario name	1	request_5	1389822131835	1389822131926	1389822132025	1389822132025	KO	Check 'in' failed, found 403 but expected List(200, 201, 202, 203, 204, 205, 206, 207, 208, 209, 210, 304)
ACTION	Scenario name	6	request_4	1389822131935	1389822131974	1389822132032	1389822132032	OK	 
ACTION	Scenario name	1	request_6	1389822132186	1389822132186	1389822132243	1389822132243	OK	 
ACTION	Scenario name	8	request_4	1389822132386	1389822132420	1389822132471	1389822132471	OK	 
ACTION	Scenario name	7	request_4	1389822132986	1389822133025	1389822133088	1389822133089	OK	 
ACTION	Scenario name	9	request_4	1389822133686	1389822133720	1389822133776	1389822133777	OK	 
ACTION	Scenario name	2	request_5	1389822134736	1389822134783	1389822134901	1389822134902	KO	Check 'in' failed, found 403 but expected List(200, 201, 202, 203, 204, 205, 206, 207, 208, 209, 210, 304)
ACTION	Scenario name	2	request_6	1389822135086	1389822135086	1389822135139	1389822135140	OK	 
ACTION	Scenario name	10	request_4	1389822135786	1389822135828	1389822135891	1389822135891	OK	 
ACTION	Scenario name	3	request_5	1389822135985	1389822136027	1389822136133	1389822136133	KO	Check 'in' failed, found 403 but expected List(200, 201, 202, 203, 204, 205, 206, 207, 208, 209, 210, 304)
ACTION	Scenario name	3	request_6	1389822136336	1389822136336	1389822136381	1389822136381	OK	 
ACTION	Scenario name	1	request_7	1389822136385	1389822136386	1389822136483	1389822136483	KO	Check 'in' failed, found 403 but expected List(200, 201, 202, 203, 204, 205, 206, 207, 208, 209, 210, 304)
ACTION	Scenario name	1	request_8	1389822136685	1389822136686	1389822136790	1389822136790	OK	 
ACTION	Scenario name	4	request_5	1389822136685	1389822136790	1389822136907	1389822136908	KO	Check 'in' failed, found 403 but expected List(200, 201, 202, 203, 204, 205, 206, 207, 208, 209, 210, 304)
ACTION	Scenario name	4	request_6	1389822137036	1389822137036	1389822137089	1389822137090	OK	 
ACTION	Scenario name	5	request_5	1389822137186	1389822137218	1389822137299	1389822137299	KO	Check 'in' failed, found 403 but expected List(200, 201, 202, 203, 204, 205, 206, 207, 208, 209, 210, 304)
ACTION	Scenario name	5	request_6	1389822137486	1389822137486	1389822137540	1389822137542	OK	 
ACTION	Scenario name	2	request_7	1389822139737	1389822139737	1389822139854	1389822139855	KO	Check 'in' failed, found 403 but expected List(200, 201, 202, 203, 204, 205, 206, 207, 208, 209, 210, 304)
ACTION	Scenario name	6	request_5	1389822139737	1389822139737	1389822139878	1389822139878	KO	Check 'in' failed, found 403 but expected List(200, 201, 202, 203, 204, 205, 206, 207, 208, 209, 210, 304)
ACTION	Scenario name	8	request_5	1389822139785	1389822139785	1389822139882	1389822139882	KO	Check 'in' failed, found 403 but expected List(200, 201, 202, 203, 204, 205, 206, 207, 208, 209, 210, 304)
ACTION	Scenario name	6	request_6	1389822140037	1389822140038	1389822140091	1389822140092	OK	 
ACTION	Scenario name	2	request_8	1389822140036	1389822140037	1389822140100	1389822140100	OK	 
ACTION	Scenario name	8	request_6	1389822140036	1389822140037	1389822140101	1389822140105	OK	 
ACTION	Scenario name	7	request_5	1389822140087	1389822140087	1389822140165	1389822140166	KO	Check 'in' failed, found 403 but expected List(200, 201, 202, 203, 204, 205, 206, 207, 208, 209, 210, 304)
ACTION	Scenario name	7	request_6	1389822140286	1389822140286	1389822140331	1389822140331	OK	 
ACTION	Scenario name	3	request_7	1389822140588	1389822140589	1389822140667	1389822140668	KO	Check 'in' failed, found 403 but expected List(200, 201, 202, 203, 204, 205, 206, 207, 208, 209, 210, 304)
ACTION	Scenario name	3	request_8	1389822140786	1389822140787	1389822140842	1389822140842	OK	 
ACTION	Scenario name	4	request_7	1389822141336	1389822141336	1389822141443	1389822141443	KO	Check 'in' failed, found 403 but expected List(200, 201, 202, 203, 204, 205, 206, 207, 208, 209, 210, 304)
ACTION	Scenario name	4	request_8	1389822141636	1389822141636	1389822141681	1389822141683	OK	 
ACTION	Scenario name	5	request_7	1389822141586	1389822141587	1389822141693	1389822141693	KO	Check 'in' failed, found 403 but expected List(200, 201, 202, 203, 204, 205, 206, 207, 208, 209, 210, 304)
ACTION	Scenario name	9	request_5	1389822141735	1389822141735	1389822141817	1389822141817	KO	Check 'in' failed, found 403 but expected List(200, 201, 202, 203, 204, 205, 206, 207, 208, 209, 210, 304)
ACTION	Scenario name	5	request_8	1389822141835	1389822141836	1389822141879	1389822141879	OK	 
ACTION	Scenario name	9	request_6	1389822142036	1389822142036	1389822142084	1389822142085	OK	 
ACTION	Scenario name	1	request_9	1389822143085	1389822143085	1389822143132	1389822143133	OK	 
ACTION	Scenario name	1	request_10	1389822143139	1389822143139	1389822143178	1389822143179	OK	 
SCENARIO	Scenario name	1	END	1389822143180
ACTION	Scenario name	10	request_5	1389822143836	1389822143836	1389822143961	1389822143961	KO	Check 'in' failed, found 403 but expected List(200, 201, 202, 203, 204, 205, 206, 207, 208, 209, 210, 304)
ACTION	Scenario name	10	request_6	1389822144136	1389822144136	1389822144178	1389822144180	OK	 
ACTION	Scenario name	8	request_7	1389822144685	1389822144685	1389822144793	1389822144793	KO	Check 'in' failed, found 403 but expected List(200, 201, 202, 203, 204, 205, 206, 207, 208, 209, 210, 304)
ACTION	Scenario name	6	request_7	1389822144936	1389822144937	1389822145039	1389822145039	KO	Check 'in' failed, found 403 but expected List(200, 201, 202, 203, 204, 205, 206, 207, 208, 209, 210, 304)
ACTION	Scenario name	8	request_8	1389822144986	1389822144987	1389822145039	1389822145040	OK	 
ACTION	Scenario name	7	request_7	1389822145086	1389822145086	1389822145165	1389822145165	KO	Check 'in' failed, found 403 but expected List(200, 201, 202, 203, 204, 205, 206, 207, 208, 209, 210, 304)
ACTION	Scenario name	6	request_8	1389822145186	1389822145186	1389822145239	1389822145240	OK	 
ACTION	Scenario name	7	request_8	1389822145285	1389822145285	1389822145329	1389822145329	OK	 
ACTION	Scenario name	9	request_7	1389822146786	1389822146786	1389822146877	1389822146877	KO	Check 'in' failed, found 403 but expected List(200, 201, 202, 203, 204, 205, 206, 207, 208, 209, 210, 304)
ACTION	Scenario name	9	request_8	1389822147035	1389822147035	1389822147080	1389822147081	OK	 
ACTION	Scenario name	2	request_9	1389822147086	1389822147086	1389822147137	1389822147137	OK	 
ACTION	Scenario name	2	request_10	1389822147185	1389822147185	1389822147222	1389822147222	OK	 
SCENARIO	Scenario name	2	END	1389822147222
ACTION	Scenario name	3	request_9	1389822147836	1389822147836	1389822147874	1389822147874	OK	 
ACTION	Scenario name	3	request_10	1389822147935	1389822147935	1389822147972	1389822147972	OK	 
SCENARIO	Scenario name	3	END	1389822147972
ACTION	Scenario name	10	request_7	1389822148286	1389822148286	1389822148351	1389822148351	KO	Check 'in' failed, found 403 but expected List(200, 201, 202, 203, 204, 205, 206, 207, 208, 209, 210, 304)
ACTION	Scenario name	5	request_9	1389822148485	1389822148485	1389822148521	1389822148521	OK	 
ACTION	Scenario name	10	request_8	1389822148485	1389822148485	1389822148540	1389822148540	OK	 
ACTION	Scenario name	4	request_9	1389822148535	1389822148536	1389822148573	1389822148573	OK	 
ACTION	Scenario name	4	request_10	1389822148587	1389822148587	1389822148624	1389822148624	OK	 
SCENARIO	Scenario name	4	END	1389822148625
ACTION	Scenario name	5	request_10	1389822148586	1389822148587	1389822148627	1389822148627	OK	 
SCENARIO	Scenario name	5	END	1389822148627
ACTION	Scenario name	8	request_9	1389822151735	1389822151735	1389822151850	1389822151850	OK	 
ACTION	Scenario name	8	request_10	1389822151935	1389822151936	1389822151974	1389822151974	OK	 
SCENARIO	Scenario name	8	END	1389822151975
ACTION	Scenario name	7	request_9	1389822152286	1389822152286	1389822152322	1389822152322	OK	 
ACTION	Scenario name	7	request_10	1389822152385	1389822152386	1389822152428	1389822152428	OK	 
SCENARIO	Scenario name	7	END	1389822152428
ACTION	Scenario name	6	request_9	1389822152185	1389822152185	1389822152623	1389822152623	OK	 
ACTION	Scenario name	6	request_10	1389822152686	1389822152686	1389822152728	1389822152728	OK	 
SCENARIO	Scenario name	6	END	1389822152729
ACTION	Scenario name	9	request_9	1389822153185	1389822153185	1389822153228	1389822153228	OK	 
ACTION	Scenario name	9	request_10	1389822153286	1389822153286	1389822153324	1389822153324	OK	 
SCENARIO	Scenario name	9	END	1389822153324
ACTION	Scenario name	10	request_9	1389822155136	1389822155137	1389822155176	1389822155176	OK	 
ACTION	Scenario name	10	request_10	1389822155177	1389822155177	1389822155217	1389822155217	OK	 
SCENARIO	Scenario name	10	END	1389822155217
